<?xml version="1.0" encoding="UTF-8"?>
<testsuite xmlns:xsi="http://www.w3.org/2001/XMLSchema-instance" xsi:noNamespaceSchemaLocation="https://maven.apache.org/surefire/maven-surefire-plugin/xsd/surefire-test-report-3.0.xsd" version="3.0" name="com.asr.MySpringBootApplicationTest" time="8.935" tests="1" errors="1" skipped="0" failures="0">
  <properties>
[...]
</properties>
  <testcase name="test" classname="com.asr.MySpringBootApplicationTest" time="1.397">
    <error type="java.lang.IllegalArgumentException"><![CDATA[java.lang.IllegalArgumentException: Cannot advice route as route with id: hello does not exists
	at com.asr.MySpringBootApplicationTest.test(MySpringBootApplicationTest.java:27)
]]></error>
    <system-out><![CDATA[20:52:04.447 [main] DEBUG org.springframework.test.context.BootstrapUtils - Instantiating CacheAwareContextLoaderDelegate from class [org.springframework.test.context.cache.DefaultCacheAwareContextLoaderDelegate]
20:52:04.477 [main] DEBUG org.springframework.test.context.BootstrapUtils - Instantiating BootstrapContext using constructor [public org.springframework.test.context.support.DefaultBootstrapContext(java.lang.Class,org.springframework.test.context.CacheAwareContextLoaderDelegate)]
20:52:04.595 [main] DEBUG org.springframework.test.context.BootstrapUtils - Instantiating TestContextBootstrapper for test class [com.asr.MySpringBootApplicationTest] from class [org.springframework.boot.test.context.SpringBootTestContextBootstrapper]
20:52:04.622 [main] INFO org.springframework.boot.test.context.SpringBootTestContextBootstrapper - Neither @ContextConfiguration nor @ContextHierarchy found for test class [com.asr.MySpringBootApplicationTest], using SpringBootContextLoader
20:52:04.622 [main] DEBUG org.springframework.test.context.support.AbstractContextLoader - Did not detect default resource location for test class [com.asr.MySpringBootApplicationTest]: class path resource [com/asr/MySpringBootApplicationTest-context.xml] does not exist
20:52:04.635 [main] DEBUG org.springframework.test.context.support.AbstractContextLoader - Did not detect default resource location for test class [com.asr.MySpringBootApplicationTest]: class path resource [com/asr/MySpringBootApplicationTestContext.groovy] does not exist
20:52:04.635 [main] INFO org.springframework.test.context.support.AbstractContextLoader - Could not detect default resource locations for test class [com.asr.MySpringBootApplicationTest]: no resource found for suffixes {-context.xml, Context.groovy}.
20:52:04.637 [main] INFO org.springframework.test.context.support.AnnotationConfigContextLoaderUtils - Could not detect default configuration classes for test class [com.asr.MySpringBootApplicationTest]: MySpringBootApplicationTest does not declare any static, non-private, non-final, nested classes annotated with @Configuration.
20:52:04.734 [main] DEBUG org.springframework.test.context.support.ActiveProfilesUtils - Could not find an 'annotation declaring class' for annotation type [org.springframework.test.context.ActiveProfiles] and class [com.asr.MySpringBootApplicationTest]
20:52:04.854 [main] DEBUG org.springframework.context.annotation.ClassPathScanningCandidateComponentProvider - Identified candidate component class: file [C:\Users\HP\Desktop\Camel Projects\normal-exp\target\classes\com\asr\MySpringBootApplication.class]
20:52:04.858 [main] INFO org.springframework.boot.test.context.SpringBootTestContextBootstrapper - Found @SpringBootConfiguration com.asr.MySpringBootApplication for test class com.asr.MySpringBootApplicationTest
20:52:05.038 [main] DEBUG org.springframework.boot.test.context.SpringBootTestContextBootstrapper - Merging default listeners with listeners configured via @TestExecutionListeners for class [com.asr.MySpringBootApplicationTest].
20:52:05.039 [main] INFO org.springframework.boot.test.context.SpringBootTestContextBootstrapper - Loaded default TestExecutionListener class names from location [META-INF/spring.factories]: [org.springframework.boot.test.mock.mockito.MockitoTestExecutionListener, org.springframework.boot.test.mock.mockito.ResetMocksTestExecutionListener, org.springframework.boot.test.autoconfigure.restdocs.RestDocsTestExecutionListener, org.springframework.boot.test.autoconfigure.web.client.MockRestServiceServerResetTestExecutionListener, org.springframework.boot.test.autoconfigure.web.servlet.MockMvcPrintOnlyOnFailureTestExecutionListener, org.springframework.boot.test.autoconfigure.web.servlet.WebDriverTestExecutionListener, org.springframework.boot.test.autoconfigure.webservices.client.MockWebServiceServerTestExecutionListener, org.springframework.test.context.web.ServletTestExecutionListener, org.springframework.test.context.support.DirtiesContextBeforeModesTestExecutionListener, org.springframework.test.context.event.ApplicationEventsTestExecutionListener, org.springframework.test.context.support.DependencyInjectionTestExecutionListener, org.springframework.test.context.support.DirtiesContextTestExecutionListener, org.springframework.test.context.transaction.TransactionalTestExecutionListener, org.springframework.test.context.jdbc.SqlScriptsTestExecutionListener, org.springframework.test.context.event.EventPublishingTestExecutionListener]
20:52:05.073 [main] INFO org.springframework.boot.test.context.SpringBootTestContextBootstrapper - Using TestExecutionListeners: [org.apache.camel.test.spring.junit5.CamelSpringTestContextLoaderTestExecutionListener@495b0487, org.apache.camel.test.spring.junit5.CamelSpringBootExecutionListener@55dfcc6, org.apache.camel.test.spring.junit5.StopWatchTestExecutionListener@222eb8aa, org.springframework.test.context.web.ServletTestExecutionListener@93cf163, org.springframework.test.context.support.DirtiesContextBeforeModesTestExecutionListener@1852a3ff, org.springframework.test.context.event.ApplicationEventsTestExecutionListener@7203c7ff, org.springframework.boot.test.mock.mockito.MockitoTestExecutionListener@25bfcafd, org.springframework.boot.test.autoconfigure.SpringBootDependencyInjectionTestExecutionListener@4b6690c0, org.springframework.test.context.support.DirtiesContextTestExecutionListener@46268f08, org.springframework.test.context.transaction.TransactionalTestExecutionListener@2a76840c, org.springframework.test.context.jdbc.SqlScriptsTestExecutionListener@71454b9d, org.springframework.test.context.event.EventPublishingTestExecutionListener@eda25e5, org.springframework.boot.test.mock.mockito.ResetMocksTestExecutionListener@7cf6a5f9, org.springframework.boot.test.autoconfigure.restdocs.RestDocsTestExecutionListener@623e088f, org.springframework.boot.test.autoconfigure.web.client.MockRestServiceServerResetTestExecutionListener@39fcbef6, org.springframework.boot.test.autoconfigure.web.servlet.MockMvcPrintOnlyOnFailureTestExecutionListener@66565121, org.springframework.boot.test.autoconfigure.web.servlet.WebDriverTestExecutionListener@2fc6f97f, org.springframework.boot.test.autoconfigure.webservices.client.MockWebServiceServerTestExecutionListener@3d2ee678]
20:52:05.118 [main] DEBUG org.springframework.test.context.support.AbstractDirtiesContextTestExecutionListener - Before test class: context [DefaultTestContext@42f8285e testClass = MySpringBootApplicationTest, testInstance = [null], testMethod = [null], testException = [null], mergedContextConfiguration = [WebMergedContextConfiguration@26bab2f1 testClass = MySpringBootApplicationTest, locations = '{}', classes = '{class com.asr.MySpringBootApplication}', contextInitializerClasses = '[]', activeProfiles = '{}', propertySourceLocations = '{}', propertySourceProperties = '{org.springframework.boot.test.context.SpringBootTestContextBootstrapper=true}', contextCustomizers = set[org.springframework.boot.test.context.filter.ExcludeFilterContextCustomizer@673fdbce, org.springframework.boot.test.json.DuplicateJsonObjectContextCustomizerFactory$DuplicateJsonObjectContextCustomizer@6cb107fd, org.springframework.boot.test.mock.mockito.MockitoContextCustomizer@0, org.springframework.boot.test.web.client.TestRestTemplateContextCustomizer@26abb146, org.springframework.boot.test.autoconfigure.actuate.metrics.MetricsExportContextCustomizerFactory$DisableMetricExportContextCustomizer@5e7cd6cc, org.springframework.boot.test.autoconfigure.properties.PropertyMappingContextCustomizer@0, org.springframework.boot.test.autoconfigure.web.servlet.WebDriverContextCustomizerFactory$Customizer@782859e, org.springframework.boot.test.context.SpringBootTestArgs@1, org.springframework.boot.test.context.SpringBootTestWebEnvironment@71a794e5], resourceBasePath = 'src/main/webapp', contextLoader = 'org.springframework.boot.test.context.SpringBootContextLoader', parent = [null]], attributes = map['org.springframework.test.context.web.ServletTestExecutionListener.activateListener' -> true]], class annotated with @DirtiesContext [false] with mode [null].
20:52:05.144 [main] INFO org.apache.camel.test.spring.junit5.CamelSpringBootExecutionListener - CamelSpringBootExecutionListener preparing: class com.asr.MySpringBootApplicationTest
20:52:05.157 [main] INFO org.apache.camel.test.spring.junit5.CamelAnnotationsHandler - Disabling Camel JMX globally for tests by default. Use the DisableJMX annotation to override the default setting.

  .   ____          _            __ _ _
 /\\ / ___'_ __ _ _(_)_ __  __ _ \ \ \ \
( ( )\___ | '_ | '_| | '_ \/ _` | \ \ \ \
 \\/  ___)| |_)| | | | | || (_| |  ) ) ) )
  '  |____| .__|_| |_|_| |_\__, | / / / /
 =========|_|==============|___/=/_/_/_/
 :: Spring Boot ::               (v2.7.18)

2025-12-16 20:52:05.878  INFO 13096 --- [           main] com.asr.MySpringBootApplicationTest      : Starting MySpringBootApplicationTest using Java 22.0.1 on DESKTOP-52TK64F with PID 13096 (started by HP in C:\Users\HP\Desktop\Camel Projects\normal-exp)
2025-12-16 20:52:05.880  INFO 13096 --- [           main] com.asr.MySpringBootApplicationTest      : No active profile set, falling back to 1 default profile: "default"
2025-12-16 20:52:11.359  INFO 13096 --- [           main] o.s.b.a.e.web.EndpointLinksResolver      : Exposing 3 endpoint(s) beneath base path '/actuator'
2025-12-16 20:52:11.662  INFO 13096 --- [           main] com.asr.MySpringBootApplicationTest      : Started MySpringBootApplicationTest in 6.449 seconds (JVM running for 8.485)
2025-12-16 20:52:11.674  INFO 13096 --- [           main] o.a.c.t.s.j.CamelAnnotationsHandler      : Setting shutdown timeout to [10 SECONDS] on CamelContext with name [camelContext].
2025-12-16 20:52:11.771  INFO 13096 --- [           main] c.t.s.j.CamelSpringBootExecutionListener : CamelSpringBootExecutionListener before: class com.asr.MySpringBootApplicationTest.test
2025-12-16 20:52:11.773  INFO 13096 --- [           main] c.t.s.j.CamelSpringBootExecutionListener : Initialized CamelSpringBootExecutionListener now ready to start CamelContext
2025-12-16 20:52:11.775  INFO 13096 --- [           main] o.a.c.t.s.j.CamelAnnotationsHandler      : Starting CamelContext with name [camelContext].
2025-12-16 20:52:12.364  INFO 13096 --- [           main] o.a.camel.component.file.FileEndpoint    : Endpoint is configured with noop=true so forcing endpoint to be idempotent as well
2025-12-16 20:52:12.365  INFO 13096 --- [           main] o.a.camel.component.file.FileEndpoint    : Using default memory based idempotent repository with cache max size: 1000
2025-12-16 20:52:12.388  INFO 13096 --- [           main] o.a.c.impl.engine.AbstractCamelContext   : Apache Camel 3.22.4 (MyCamel) is starting
2025-12-16 20:52:12.429  INFO 13096 --- [           main] o.a.c.impl.engine.AbstractCamelContext   : Routes startup (started:1)
2025-12-16 20:52:12.429  INFO 13096 --- [           main] o.a.c.impl.engine.AbstractCamelContext   :     Started player-cbr-route (file://input)
2025-12-16 20:52:12.430  INFO 13096 --- [           main] o.a.c.impl.engine.AbstractCamelContext   : Apache Camel 3.22.4 (MyCamel) started in 810ms (build:157ms init:612ms start:41ms)
2025-12-16 20:52:13.149  INFO 13096 --- [           main] com.asr.MySpringBootApplicationTest      : ********************************************************************************
2025-12-16 20:52:13.150  INFO 13096 --- [           main] com.asr.MySpringBootApplicationTest      : Testing done: test (com.asr.MySpringBootApplicationTest)
2025-12-16 20:52:13.151  INFO 13096 --- [           main] com.asr.MySpringBootApplicationTest      : Took: 716ms (716 millis)
2025-12-16 20:52:13.151  INFO 13096 --- [           main] com.asr.MySpringBootApplicationTest      : ********************************************************************************
2025-12-16 20:52:13.151  INFO 13096 --- [           main] c.t.s.j.CamelSpringBootExecutionListener : CamelSpringBootExecutionListener after: class com.asr.MySpringBootApplicationTest.test
]]></system-out>
  </testcase>
</testsuite>